Performing C++ SOURCE FILE Test CMAKE_HAVE_LIBC_PTHREAD failed with the following output:
Change Dir: /root/cpp_program/spiral/build/CMakeFiles/CMakeTmp

Run Build Command(s):/usr/bin/make cmTC_120bb/fast && /usr/bin/make -f CMakeFiles/cmTC_120bb.dir/build.make CMakeFiles/cmTC_120bb.dir/build
make[1]: Entering directory '/root/cpp_program/spiral/build/CMakeFiles/CMakeTmp'
Building CXX object CMakeFiles/cmTC_120bb.dir/src.cxx.o
/usr/bin/clang++-12    -g -O3 -std=c++17 -MD -march=native -DCMAKE_HAVE_LIBC_PTHREAD   -std=gnu++17 -o CMakeFiles/cmTC_120bb.dir/src.cxx.o -c /root/cpp_program/spiral/build/CMakeFiles/CMakeTmp/src.cxx
Linking CXX executable cmTC_120bb
/usr/bin/cmake -E cmake_link_script CMakeFiles/cmTC_120bb.dir/link.txt --verbose=1
/usr/bin/clang++-12  -g -O3 -std=c++17 -MD -march=native -DCMAKE_HAVE_LIBC_PTHREAD    CMakeFiles/cmTC_120bb.dir/src.cxx.o  -o cmTC_120bb 
/usr/bin/ld: CMakeFiles/cmTC_120bb.dir/src.cxx.o: in function `main':
/root/cpp_program/spiral/build/CMakeFiles/CMakeTmp/src.cxx:11: undefined reference to `pthread_create'
/usr/bin/ld: /root/cpp_program/spiral/build/CMakeFiles/CMakeTmp/src.cxx:12: undefined reference to `pthread_detach'
/usr/bin/ld: /root/cpp_program/spiral/build/CMakeFiles/CMakeTmp/src.cxx:13: undefined reference to `pthread_join'
clang: error: linker command failed with exit code 1 (use -v to see invocation)
make[1]: *** [CMakeFiles/cmTC_120bb.dir/build.make:87: cmTC_120bb] Error 1
make[1]: Leaving directory '/root/cpp_program/spiral/build/CMakeFiles/CMakeTmp'
make: *** [Makefile:121: cmTC_120bb/fast] Error 2


Source file was:
#include <pthread.h>

void* test_func(void* data)
{
  return data;
}

int main(void)
{
  pthread_t thread;
  pthread_create(&thread, NULL, test_func, NULL);
  pthread_detach(thread);
  pthread_join(thread, NULL);
  pthread_atfork(NULL, NULL, NULL);
  pthread_exit(NULL);

  return 0;
}

Determining if the function pthread_create exists in the pthreads failed with the following output:
Change Dir: /root/cpp_program/spiral/build/CMakeFiles/CMakeTmp

Run Build Command(s):/usr/bin/make cmTC_1fdb7/fast && /usr/bin/make -f CMakeFiles/cmTC_1fdb7.dir/build.make CMakeFiles/cmTC_1fdb7.dir/build
make[1]: Entering directory '/root/cpp_program/spiral/build/CMakeFiles/CMakeTmp'
Building CXX object CMakeFiles/cmTC_1fdb7.dir/CheckFunctionExists.cxx.o
/usr/bin/clang++-12    -g -O3 -std=c++17 -MD -march=native -DCHECK_FUNCTION_EXISTS=pthread_create   -std=gnu++17 -o CMakeFiles/cmTC_1fdb7.dir/CheckFunctionExists.cxx.o -c /root/cpp_program/spiral/build/CMakeFiles/CheckLibraryExists/CheckFunctionExists.cxx
Linking CXX executable cmTC_1fdb7
/usr/bin/cmake -E cmake_link_script CMakeFiles/cmTC_1fdb7.dir/link.txt --verbose=1
/usr/bin/clang++-12  -g -O3 -std=c++17 -MD -march=native -DCHECK_FUNCTION_EXISTS=pthread_create    CMakeFiles/cmTC_1fdb7.dir/CheckFunctionExists.cxx.o  -o cmTC_1fdb7  -lpthreads 
/usr/bin/ld: cannot find -lpthreads
clang: error: linker command failed with exit code 1 (use -v to see invocation)
make[1]: *** [CMakeFiles/cmTC_1fdb7.dir/build.make:87: cmTC_1fdb7] Error 1
make[1]: Leaving directory '/root/cpp_program/spiral/build/CMakeFiles/CMakeTmp'
make: *** [Makefile:121: cmTC_1fdb7/fast] Error 2



